<?xml version="1.0" encoding="utf-8"?><testsuites><testsuite name="pytest" errors="0" failures="0" skipped="0" tests="10" time="7.569" timestamp="2024-12-08T03:46:49.476512+00:00" hostname="ip-172-31-27-156.eu-west-1.compute.internal"><testcase classname="tests.test_views" name="test_register_valid_data" time="0.772" /><testcase classname="tests.test_views" name="test_register_invalid_data" time="0.032" /><testcase classname="tests.test_views" name="test_user_login_valid" time="0.899" /><testcase classname="tests.test_views" name="test_user_login_invalid" time="0.444" /><testcase classname="tests.test_views" name="test_user_logout" time="0.878" /><testcase classname="tests.test_views" name="test_add_item_valid" time="1.259" /><testcase classname="tests.test_views" name="test_edit_item" time="0.878" /><testcase classname="tests.test_views" name="test_delete_item" time="0.879" /><testcase classname="tests.test_views" name="test_inquire_item" time="0.442" /><testcase classname="tests.test_views" name="test_dashboard_view" time="0.887" /></testsuite></testsuites>